[debug] [2024-07-12T22:55:45.095Z] ----------------------------------------------------------------------
[debug] [2024-07-12T22:55:45.102Z] Command:       C:\Program Files\nodejs\node.exe C:\Users\Anant\AppData\Roaming\npm\node_modules\firebase-tools\lib\bin\firebase.js init hosting
[debug] [2024-07-12T22:55:45.102Z] CLI Version:   13.13.2
[debug] [2024-07-12T22:55:45.103Z] Platform:      win32
[debug] [2024-07-12T22:55:45.103Z] Node Version:  v20.15.1
[debug] [2024-07-12T22:55:45.103Z] Time:          Sat Jul 13 2024 04:25:45 GMT+0530 (India Standard Time)
[debug] [2024-07-12T22:55:45.103Z] ----------------------------------------------------------------------
[debug] 
[debug] [2024-07-12T22:55:45.111Z] > command requires scopes: ["email","openid","https://www.googleapis.com/auth/cloudplatformprojects.readonly","https://www.googleapis.com/auth/firebase","https://www.googleapis.com/auth/cloud-platform"]
[debug] [2024-07-12T22:55:45.111Z] > authorizing via signed-in user (anantsharma0404@gmail.com)
[info] 
     ######## #### ########  ######## ########     ###     ######  ########
     ##        ##  ##     ## ##       ##     ##  ##   ##  ##       ##
     ######    ##  ########  ######   ########  #########  ######  ######
     ##        ##  ##    ##  ##       ##     ## ##     ##       ## ##
     ##       #### ##     ## ######## ########  ##     ##  ######  ########

You're about to initialize a Firebase project in this directory:

  C:\Users\Anant\Desktop\New folder (2)

[info] 
=== Project Setup
[info] 
[info] First, let's associate this project directory with a Firebase project.
[info] You can create multiple project aliases by running firebase use --add, 
[info] but for now we'll just set up a default project.
[info] 
[debug] [2024-07-12T22:56:28.732Z] >>> [apiv2][query] GET https://firebase.googleapis.com/v1beta1/projects pageSize=100
[debug] [2024-07-12T22:56:29.620Z] <<< [apiv2][status] GET https://firebase.googleapis.com/v1beta1/projects 200
[debug] [2024-07-12T22:56:29.620Z] <<< [apiv2][body] GET https://firebase.googleapis.com/v1beta1/projects [omitted]
[info] i  Using project crossmind-2c523 (CROSSMIND) 
[info] 
=== Hosting Setup
[debug] [2024-07-12T22:56:32.713Z] >>> [apiv2][query] GET https://firebase.googleapis.com/v1beta1/projects/crossmind-2c523 [none]
[debug] [2024-07-12T22:56:33.265Z] <<< [apiv2][status] GET https://firebase.googleapis.com/v1beta1/projects/crossmind-2c523 200
[debug] [2024-07-12T22:56:33.266Z] <<< [apiv2][body] GET https://firebase.googleapis.com/v1beta1/projects/crossmind-2c523 {"projectId":"crossmind-2c523","projectNumber":"377353655668","displayName":"CROSSMIND","name":"projects/crossmind-2c523","resources":{"hostingSite":"crossmind-2c523"},"state":"ACTIVE","etag":"1_727625eb-26fb-4e93-8a2b-dd770ec50917"}
[info] 
[info] Your public directory is the folder (relative to your project directory) that
[info] will contain Hosting assets to be uploaded with firebase deploy. If you
[info] have a build process for your assets, use your build's output directory.
[info] 
[debug] [2024-07-12T22:56:53.861Z] >>> [apiv2][query] GET https://www.gstatic.com/firebasejs/releases.json [none]
[debug] [2024-07-12T22:56:53.957Z] <<< [apiv2][status] GET https://www.gstatic.com/firebasejs/releases.json 200
[debug] [2024-07-12T22:56:53.957Z] <<< [apiv2][body] GET https://www.gstatic.com/firebasejs/releases.json {"current":{"version":"10.12.3","browserURL":"https://www.gstatic.com/firebasejs/10.12.3/firebase.js","packageURL":"https://www.gstatic.com/firebasejs/10.12.3/firebase.tgz"},"live":{"version":"10.12","browserURL":"https://www.gstatic.com/firebasejs/live/10.12/firebase.js","packageURL":"https://www.gstatic.com/firebasejs/live/10.12/firebase.tgz"},"components":{"analytics":"https://www.gstatic.com/firebasejs/10.12.3/firebase-analytics.js","app":"https://www.gstatic.com/firebasejs/10.12.3/firebase-app.js","app-check":"https://www.gstatic.com/firebasejs/10.12.3/firebase-app-check.js","auth":"https://www.gstatic.com/firebasejs/10.12.3/firebase-auth.js","auth/cordova":"https://www.gstatic.com/firebasejs/10.12.3/firebase-auth/cordova.js","auth/web-extension":"https://www.gstatic.com/firebasejs/10.12.3/firebase-auth/web-extension.js","functions":"https://www.gstatic.com/firebasejs/10.12.3/firebase-functions.js","firestore":"https://www.gstatic.com/firebasejs/10.12.3/firebase-firestore.js","firestore/lite":"https://www.gstatic.com/firebasejs/10.12.3/firebase-firestore/lite.js","installations":"https://www.gstatic.com/firebasejs/10.12.3/firebase-installations.js","storage":"https://www.gstatic.com/firebasejs/10.12.3/firebase-storage.js","performance":"https://www.gstatic.com/firebasejs/10.12.3/firebase-performance.js","remote-config":"https://www.gstatic.com/firebasejs/10.12.3/firebase-remote-config.js","messaging":"https://www.gstatic.com/firebasejs/10.12.3/firebase-messaging.js","messaging/sw":"https://www.gstatic.com/firebasejs/10.12.3/firebase-messaging/sw.js","database":"https://www.gstatic.com/firebasejs/10.12.3/firebase-database.js","vertexai-preview":"https://www.gstatic.com/firebasejs/10.12.3/firebase-vertexai-preview.js","firestore.memory":"https://www.gstatic.com/firebasejs/10.12.3/firebase-firestore.memory.js"}}
[info] +  Wrote public/index.html 
[info] 
[info] i  Detected a .git folder at C:\Users\Anant\Desktop\New folder (2) 
[info] i  Authorizing with GitHub to upload your service account to a GitHub repository's secrets store. 
[info] 
[info] Visit this URL on this device to log in:
[info] https://github.com/login/oauth/authorize?client_id=89cf50f02ac6aaed3484&state=67575037&redirect_uri=http%3A%2F%2Flocalhost%3A9005&scope=read%3Auser%20repo%20public_repo
[info] 
[info] Waiting for authentication...
[debug] [2024-07-12T22:57:21.845Z] >>> [apiv2][query] POST https://github.com/login/oauth/access_token [none]
[debug] [2024-07-12T22:57:21.846Z] >>> [apiv2][body] POST https://github.com/login/oauth/access_token [stream]
[debug] [2024-07-12T22:57:22.246Z] <<< [apiv2][status] POST https://github.com/login/oauth/access_token 200
[debug] [2024-07-12T22:57:22.246Z] <<< [apiv2][body] POST https://github.com/login/oauth/access_token {"access_token":"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","token_type":"bearer","scope":"read:user,repo"}
[debug] [2024-07-12T22:57:22.253Z] >>> [apiv2][query] GET https://api.github.com/user [none]
[debug] [2024-07-12T22:57:22.649Z] <<< [apiv2][status] GET https://api.github.com/user 200
[debug] [2024-07-12T22:57:22.649Z] <<< [apiv2][body] GET https://api.github.com/user {"login":"virtuoso-04","id":120053600,"node_id":"U_kgDOByffYA","avatar_url":"https://avatars.githubusercontent.com/u/120053600?v=4","gravatar_id":"","url":"https://api.github.com/users/virtuoso-04","html_url":"https://github.com/virtuoso-04","followers_url":"https://api.github.com/users/virtuoso-04/followers","following_url":"https://api.github.com/users/virtuoso-04/following{/other_user}","gists_url":"https://api.github.com/users/virtuoso-04/gists{/gist_id}","starred_url":"https://api.github.com/users/virtuoso-04/starred{/owner}{/repo}","subscriptions_url":"https://api.github.com/users/virtuoso-04/subscriptions","organizations_url":"https://api.github.com/users/virtuoso-04/orgs","repos_url":"https://api.github.com/users/virtuoso-04/repos","events_url":"https://api.github.com/users/virtuoso-04/events{/privacy}","received_events_url":"https://api.github.com/users/virtuoso-04/received_events","type":"User","site_admin":false,"name":"Anant Sharma","company":"Student","blog":"","location":"bengaluru","email":null,"hireable":null,"bio":"Let it Happen !","twitter_username":null,"public_repos":30,"public_gists":2,"followers":14,"following":24,"created_at":"2022-12-07T19:06:07Z","updated_at":"2024-06-05T20:19:30Z","private_gists":0,"total_private_repos":8,"owned_private_repos":8,"disk_usage":44623,"collaborators":0,"two_factor_authentication":false,"plan":{"name":"free","space":976562499,"collaborators":0,"private_repos":10000}}
[info] 
[info] +  Success! Logged into GitHub as virtuoso-04 
[info] 
[debug] [2024-07-12T22:57:55.324Z] >>> [apiv2][query] GET https://api.github.com/repos/virtouso-04/newfolder/actions/secrets/public-key type=owner
[debug] [2024-07-12T22:57:55.698Z] <<< [apiv2][status] GET https://api.github.com/repos/virtouso-04/newfolder/actions/secrets/public-key 404
[debug] [2024-07-12T22:57:55.699Z] <<< [apiv2][body] GET https://api.github.com/repos/virtouso-04/newfolder/actions/secrets/public-key {"message":"Not Found","documentation_url":"https://docs.github.com/rest/actions/secrets#get-a-repository-public-key","status":"404"}
[info] 
[info] 
[error] !  The provided authorization cannot be used with this repository. If this repository is in an organization, did you remember to grant access? 
[info] 
[info] i  Action required: Visit this URL to ensure access has been granted to the appropriate organization(s) for the Firebase CLI GitHub OAuth App: 
[info] https://github.com/settings/connections/applications/89cf50f02ac6aaed3484
[info] 
[debug] [2024-07-12T22:59:17.726Z] >>> [apiv2][query] GET https://api.github.com/repos/virtouso-04/newfolder/actions/secrets/public-key type=owner
[debug] [2024-07-12T22:59:18.060Z] <<< [apiv2][status] GET https://api.github.com/repos/virtouso-04/newfolder/actions/secrets/public-key 404
[debug] [2024-07-12T22:59:18.060Z] <<< [apiv2][body] GET https://api.github.com/repos/virtouso-04/newfolder/actions/secrets/public-key {"message":"Not Found","documentation_url":"https://docs.github.com/rest/actions/secrets#get-a-repository-public-key","status":"404"}
[info] 
[info] 
[error] !  The provided authorization cannot be used with this repository. If this repository is in an organization, did you remember to grant access? 
[info] 
[info] i  Action required: Visit this URL to ensure access has been granted to the appropriate organization(s) for the Firebase CLI GitHub OAuth App: 
[info] https://github.com/settings/connections/applications/89cf50f02ac6aaed3484
[info] 
[debug] [2024-07-12T22:59:56.135Z] >>> [apiv2][query] GET https://api.github.com/repos/virtouso-04/crossmind/actions/secrets/public-key type=owner
[debug] [2024-07-12T22:59:56.534Z] <<< [apiv2][status] GET https://api.github.com/repos/virtouso-04/crossmind/actions/secrets/public-key 404
[debug] [2024-07-12T22:59:56.535Z] <<< [apiv2][body] GET https://api.github.com/repos/virtouso-04/crossmind/actions/secrets/public-key {"message":"Not Found","documentation_url":"https://docs.github.com/rest/actions/secrets#get-a-repository-public-key","status":"404"}
[info] 
[info] 
[error] !  The provided authorization cannot be used with this repository. If this repository is in an organization, did you remember to grant access? 
[info] 
[info] i  Action required: Visit this URL to ensure access has been granted to the appropriate organization(s) for the Firebase CLI GitHub OAuth App: 
[info] https://github.com/settings/connections/applications/89cf50f02ac6aaed3484
[info] 
[debug] [2024-07-12T23:00:00.591Z] >>> [apiv2][query] GET https://api.github.com/repos/virtouso-04/crossmind/actions/secrets/public-key type=owner
[debug] [2024-07-12T23:00:00.875Z] <<< [apiv2][status] GET https://api.github.com/repos/virtouso-04/crossmind/actions/secrets/public-key 404
[debug] [2024-07-12T23:00:00.875Z] <<< [apiv2][body] GET https://api.github.com/repos/virtouso-04/crossmind/actions/secrets/public-key {"message":"Not Found","documentation_url":"https://docs.github.com/rest/actions/secrets#get-a-repository-public-key","status":"404"}
[info] 
[info] 
[error] !  The provided authorization cannot be used with this repository. If this repository is in an organization, did you remember to grant access? 
[info] 
[info] i  Action required: Visit this URL to ensure access has been granted to the appropriate organization(s) for the Firebase CLI GitHub OAuth App: 
[info] https://github.com/settings/connections/applications/89cf50f02ac6aaed3484
[info] 
[debug] [2024-07-12T23:00:39.013Z] >>> [apiv2][query] GET https://api.github.com/repos/virtouso-04/crossmind/actions/secrets/public-key type=owner
[debug] [2024-07-12T23:00:39.401Z] <<< [apiv2][status] GET https://api.github.com/repos/virtouso-04/crossmind/actions/secrets/public-key 404
[debug] [2024-07-12T23:00:39.401Z] <<< [apiv2][body] GET https://api.github.com/repos/virtouso-04/crossmind/actions/secrets/public-key {"message":"Not Found","documentation_url":"https://docs.github.com/rest/actions/secrets#get-a-repository-public-key","status":"404"}
[info] 
[info] 
[error] !  The provided authorization cannot be used with this repository. If this repository is in an organization, did you remember to grant access? 
[info] 
[info] i  Action required: Visit this URL to ensure access has been granted to the appropriate organization(s) for the Firebase CLI GitHub OAuth App: 
[info] https://github.com/settings/connections/applications/89cf50f02ac6aaed3484
[info] 
[debug] [2024-07-12T23:01:03.420Z] >>> [apiv2][query] GET https://api.github.com/repos/virtouso-04/crossmind/actions/secrets/public-key type=owner
[debug] [2024-07-12T23:01:03.780Z] <<< [apiv2][status] GET https://api.github.com/repos/virtouso-04/crossmind/actions/secrets/public-key 404
[debug] [2024-07-12T23:01:03.780Z] <<< [apiv2][body] GET https://api.github.com/repos/virtouso-04/crossmind/actions/secrets/public-key {"message":"Not Found","documentation_url":"https://docs.github.com/rest/actions/secrets#get-a-repository-public-key","status":"404"}
[info] 
[info] 
[error] !  The provided authorization cannot be used with this repository. If this repository is in an organization, did you remember to grant access? 
[info] 
[info] i  Action required: Visit this URL to ensure access has been granted to the appropriate organization(s) for the Firebase CLI GitHub OAuth App: 
[info] https://github.com/settings/connections/applications/89cf50f02ac6aaed3484
[info] 
[debug] [2024-07-12T23:01:54.290Z] >>> [apiv2][query] GET https://api.github.com/repos/virtouso-04/crossmind/actions/secrets/public-key type=owner
[debug] [2024-07-12T23:01:54.623Z] <<< [apiv2][status] GET https://api.github.com/repos/virtouso-04/crossmind/actions/secrets/public-key 404
[debug] [2024-07-12T23:01:54.623Z] <<< [apiv2][body] GET https://api.github.com/repos/virtouso-04/crossmind/actions/secrets/public-key {"message":"Not Found","documentation_url":"https://docs.github.com/rest/actions/secrets#get-a-repository-public-key","status":"404"}
[info] 
[info] 
[error] !  The provided authorization cannot be used with this repository. If this repository is in an organization, did you remember to grant access? 
[info] 
[info] i  Action required: Visit this URL to ensure access has been granted to the appropriate organization(s) for the Firebase CLI GitHub OAuth App: 
[info] https://github.com/settings/connections/applications/89cf50f02ac6aaed3484
[info] 
[debug] [2024-07-12T23:02:23.966Z] >>> [apiv2][query] GET https://api.github.com/repos/virtouso-04/crossmind/actions/secrets/public-key type=owner
[debug] [2024-07-12T23:02:24.311Z] <<< [apiv2][status] GET https://api.github.com/repos/virtouso-04/crossmind/actions/secrets/public-key 404
[debug] [2024-07-12T23:02:24.312Z] <<< [apiv2][body] GET https://api.github.com/repos/virtouso-04/crossmind/actions/secrets/public-key {"message":"Not Found","documentation_url":"https://docs.github.com/rest/actions/secrets#get-a-repository-public-key","status":"404"}
[info] 
[info] 
[error] !  The provided authorization cannot be used with this repository. If this repository is in an organization, did you remember to grant access? 
[info] 
[info] i  Action required: Visit this URL to ensure access has been granted to the appropriate organization(s) for the Firebase CLI GitHub OAuth App: 
[info] https://github.com/settings/connections/applications/89cf50f02ac6aaed3484
[info] 
[debug] [2024-07-12T23:03:56.662Z] >>> [apiv2][query] GET https://api.github.com/repos/virtouso-04/crossmind/actions/secrets/public-key type=owner
[debug] [2024-07-12T23:03:56.991Z] <<< [apiv2][status] GET https://api.github.com/repos/virtouso-04/crossmind/actions/secrets/public-key 404
[debug] [2024-07-12T23:03:56.991Z] <<< [apiv2][body] GET https://api.github.com/repos/virtouso-04/crossmind/actions/secrets/public-key {"message":"Not Found","documentation_url":"https://docs.github.com/rest/actions/secrets#get-a-repository-public-key","status":"404"}
[info] 
[info] 
[error] !  The provided authorization cannot be used with this repository. If this repository is in an organization, did you remember to grant access? 
[info] 
[info] i  Action required: Visit this URL to ensure access has been granted to the appropriate organization(s) for the Firebase CLI GitHub OAuth App: 
[info] https://github.com/settings/connections/applications/89cf50f02ac6aaed3484
[info] 
[debug] [2024-07-12T23:04:01.890Z] >>> [apiv2][query] GET https://api.github.com/repos/virtouso-04/crossmind/actions/secrets/public-key type=owner
[debug] [2024-07-12T23:04:02.190Z] <<< [apiv2][status] GET https://api.github.com/repos/virtouso-04/crossmind/actions/secrets/public-key 404
[debug] [2024-07-12T23:04:02.190Z] <<< [apiv2][body] GET https://api.github.com/repos/virtouso-04/crossmind/actions/secrets/public-key {"message":"Not Found","documentation_url":"https://docs.github.com/rest/actions/secrets#get-a-repository-public-key","status":"404"}
[info] 
[info] 
[error] !  The provided authorization cannot be used with this repository. If this repository is in an organization, did you remember to grant access? 
[info] 
[info] i  Action required: Visit this URL to ensure access has been granted to the appropriate organization(s) for the Firebase CLI GitHub OAuth App: 
[info] https://github.com/settings/connections/applications/89cf50f02ac6aaed3484
[info] 
[debug] [2024-07-12T23:08:58.043Z] >>> [apiv2][query] GET https://api.github.com/repos/virtouso-04/crossmind/actions/secrets/public-key type=owner
[debug] [2024-07-12T23:08:58.442Z] <<< [apiv2][status] GET https://api.github.com/repos/virtouso-04/crossmind/actions/secrets/public-key 404
[debug] [2024-07-12T23:08:58.443Z] <<< [apiv2][body] GET https://api.github.com/repos/virtouso-04/crossmind/actions/secrets/public-key {"message":"Not Found","documentation_url":"https://docs.github.com/rest/actions/secrets#get-a-repository-public-key","status":"404"}
[info] 
[info] 
[error] !  The provided authorization cannot be used with this repository. If this repository is in an organization, did you remember to grant access? 
[info] 
[info] i  Action required: Visit this URL to ensure access has been granted to the appropriate organization(s) for the Firebase CLI GitHub OAuth App: 
[info] https://github.com/settings/connections/applications/89cf50f02ac6aaed3484
[info] 
[debug] [2024-07-12T23:09:01.294Z] >>> [apiv2][query] GET https://api.github.com/repos/virtouso-04/crossmind/actions/secrets/public-key type=owner
[debug] [2024-07-12T23:09:01.611Z] <<< [apiv2][status] GET https://api.github.com/repos/virtouso-04/crossmind/actions/secrets/public-key 404
[debug] [2024-07-12T23:09:01.612Z] <<< [apiv2][body] GET https://api.github.com/repos/virtouso-04/crossmind/actions/secrets/public-key {"message":"Not Found","documentation_url":"https://docs.github.com/rest/actions/secrets#get-a-repository-public-key","status":"404"}
[info] 
[info] 
[error] !  The provided authorization cannot be used with this repository. If this repository is in an organization, did you remember to grant access? 
[info] 
[info] i  Action required: Visit this URL to ensure access has been granted to the appropriate organization(s) for the Firebase CLI GitHub OAuth App: 
[info] https://github.com/settings/connections/applications/89cf50f02ac6aaed3484
[info] 
[debug] [2024-07-12T23:09:07.154Z] >>> [apiv2][query] GET https://api.github.com/repos/virtouso-04/actions/secrets/public-key type=owner
[debug] [2024-07-12T23:09:07.484Z] <<< [apiv2][status] GET https://api.github.com/repos/virtouso-04/actions/secrets/public-key 404
[debug] [2024-07-12T23:09:07.484Z] <<< [apiv2][body] GET https://api.github.com/repos/virtouso-04/actions/secrets/public-key {"message":"Not Found","documentation_url":"https://docs.github.com/rest","status":"404"}
[info] 
[info] 
[error] !  The provided authorization cannot be used with this repository. If this repository is in an organization, did you remember to grant access? 
[info] 
[info] i  Action required: Visit this URL to ensure access has been granted to the appropriate organization(s) for the Firebase CLI GitHub OAuth App: 
[info] https://github.com/settings/connections/applications/89cf50f02ac6aaed3484
[info] 
[debug] [2024-07-12T23:14:41.188Z] ----------------------------------------------------------------------
[debug] [2024-07-12T23:14:41.191Z] Command:       C:\Program Files\nodejs\node.exe C:\Users\Anant\AppData\Roaming\npm\node_modules\firebase-tools\lib\bin\firebase.js init hosting
[debug] [2024-07-12T23:14:41.191Z] CLI Version:   13.13.2
[debug] [2024-07-12T23:14:41.192Z] Platform:      win32
[debug] [2024-07-12T23:14:41.192Z] Node Version:  v20.15.1
[debug] [2024-07-12T23:14:41.192Z] Time:          Sat Jul 13 2024 04:44:41 GMT+0530 (India Standard Time)
[debug] [2024-07-12T23:14:41.192Z] ----------------------------------------------------------------------
[debug] 
[debug] [2024-07-12T23:14:41.199Z] > command requires scopes: ["email","openid","https://www.googleapis.com/auth/cloudplatformprojects.readonly","https://www.googleapis.com/auth/firebase","https://www.googleapis.com/auth/cloud-platform"]
[debug] [2024-07-12T23:14:41.200Z] > authorizing via signed-in user (anantsharma0404@gmail.com)
[info] 
     ######## #### ########  ######## ########     ###     ######  ########
     ##        ##  ##     ## ##       ##     ##  ##   ##  ##       ##
     ######    ##  ########  ######   ########  #########  ######  ######
     ##        ##  ##    ##  ##       ##     ## ##     ##       ## ##
     ##       #### ##     ## ######## ########  ##     ##  ######  ########

You're about to initialize a Firebase project in this directory:

  C:\Users\Anant\Desktop\New folder (2)

[info] 
=== Project Setup
[info] 
[info] First, let's associate this project directory with a Firebase project.
[info] You can create multiple project aliases by running firebase use --add, 
[info] but for now we'll just set up a default project.
[info] 
[debug] [2024-07-12T23:14:45.775Z] >>> [apiv2][query] GET https://firebase.googleapis.com/v1beta1/projects pageSize=100
[debug] [2024-07-12T23:14:46.627Z] <<< [apiv2][status] GET https://firebase.googleapis.com/v1beta1/projects 200
[debug] [2024-07-12T23:14:46.627Z] <<< [apiv2][body] GET https://firebase.googleapis.com/v1beta1/projects [omitted]
[info] i  Using project crossmind-2c523 (CROSSMIND) 
[info] 
=== Hosting Setup
[debug] [2024-07-12T23:14:48.009Z] >>> [apiv2][query] GET https://firebase.googleapis.com/v1beta1/projects/crossmind-2c523 [none]
[debug] [2024-07-12T23:14:48.544Z] <<< [apiv2][status] GET https://firebase.googleapis.com/v1beta1/projects/crossmind-2c523 200
[debug] [2024-07-12T23:14:48.544Z] <<< [apiv2][body] GET https://firebase.googleapis.com/v1beta1/projects/crossmind-2c523 {"projectId":"crossmind-2c523","projectNumber":"377353655668","displayName":"CROSSMIND","name":"projects/crossmind-2c523","resources":{"hostingSite":"crossmind-2c523"},"state":"ACTIVE","etag":"1_727625eb-26fb-4e93-8a2b-dd770ec50917"}
[info] 
[info] Your public directory is the folder (relative to your project directory) that
[info] will contain Hosting assets to be uploaded with firebase deploy. If you
[info] have a build process for your assets, use your build's output directory.
[info] 
[debug] [2024-07-12T23:14:57.710Z] >>> [apiv2][query] GET https://www.gstatic.com/firebasejs/releases.json [none]
[debug] [2024-07-12T23:14:57.786Z] <<< [apiv2][status] GET https://www.gstatic.com/firebasejs/releases.json 200
[debug] [2024-07-12T23:14:57.786Z] <<< [apiv2][body] GET https://www.gstatic.com/firebasejs/releases.json {"current":{"version":"10.12.3","browserURL":"https://www.gstatic.com/firebasejs/10.12.3/firebase.js","packageURL":"https://www.gstatic.com/firebasejs/10.12.3/firebase.tgz"},"live":{"version":"10.12","browserURL":"https://www.gstatic.com/firebasejs/live/10.12/firebase.js","packageURL":"https://www.gstatic.com/firebasejs/live/10.12/firebase.tgz"},"components":{"analytics":"https://www.gstatic.com/firebasejs/10.12.3/firebase-analytics.js","app":"https://www.gstatic.com/firebasejs/10.12.3/firebase-app.js","app-check":"https://www.gstatic.com/firebasejs/10.12.3/firebase-app-check.js","auth":"https://www.gstatic.com/firebasejs/10.12.3/firebase-auth.js","auth/cordova":"https://www.gstatic.com/firebasejs/10.12.3/firebase-auth/cordova.js","auth/web-extension":"https://www.gstatic.com/firebasejs/10.12.3/firebase-auth/web-extension.js","functions":"https://www.gstatic.com/firebasejs/10.12.3/firebase-functions.js","firestore":"https://www.gstatic.com/firebasejs/10.12.3/firebase-firestore.js","firestore/lite":"https://www.gstatic.com/firebasejs/10.12.3/firebase-firestore/lite.js","installations":"https://www.gstatic.com/firebasejs/10.12.3/firebase-installations.js","storage":"https://www.gstatic.com/firebasejs/10.12.3/firebase-storage.js","performance":"https://www.gstatic.com/firebasejs/10.12.3/firebase-performance.js","remote-config":"https://www.gstatic.com/firebasejs/10.12.3/firebase-remote-config.js","messaging":"https://www.gstatic.com/firebasejs/10.12.3/firebase-messaging.js","messaging/sw":"https://www.gstatic.com/firebasejs/10.12.3/firebase-messaging/sw.js","database":"https://www.gstatic.com/firebasejs/10.12.3/firebase-database.js","vertexai-preview":"https://www.gstatic.com/firebasejs/10.12.3/firebase-vertexai-preview.js","firestore.memory":"https://www.gstatic.com/firebasejs/10.12.3/firebase-firestore.memory.js"}}
[info] +  Wrote y/index.html 
[info] 
[info] i  Detected a .git folder at C:\Users\Anant\Desktop\New folder (2) 
[info] i  Authorizing with GitHub to upload your service account to a GitHub repository's secrets store. 
[info] 
[info] Visit this URL on this device to log in:
[info] https://github.com/login/oauth/authorize?client_id=89cf50f02ac6aaed3484&state=559048147&redirect_uri=http%3A%2F%2Flocalhost%3A9005&scope=read%3Auser%20repo%20public_repo
[info] 
[info] Waiting for authentication...
[debug] [2024-07-12T23:14:58.488Z] >>> [apiv2][query] POST https://github.com/login/oauth/access_token [none]
[debug] [2024-07-12T23:14:58.489Z] >>> [apiv2][body] POST https://github.com/login/oauth/access_token [stream]
[debug] [2024-07-12T23:14:58.899Z] <<< [apiv2][status] POST https://github.com/login/oauth/access_token 200
[debug] [2024-07-12T23:14:58.899Z] <<< [apiv2][body] POST https://github.com/login/oauth/access_token {"access_token":"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","token_type":"bearer","scope":"read:user,repo"}
[debug] [2024-07-12T23:14:58.905Z] >>> [apiv2][query] GET https://api.github.com/user [none]
[debug] [2024-07-12T23:14:59.276Z] <<< [apiv2][status] GET https://api.github.com/user 200
[debug] [2024-07-12T23:14:59.277Z] <<< [apiv2][body] GET https://api.github.com/user {"login":"virtuoso-04","id":120053600,"node_id":"U_kgDOByffYA","avatar_url":"https://avatars.githubusercontent.com/u/120053600?v=4","gravatar_id":"","url":"https://api.github.com/users/virtuoso-04","html_url":"https://github.com/virtuoso-04","followers_url":"https://api.github.com/users/virtuoso-04/followers","following_url":"https://api.github.com/users/virtuoso-04/following{/other_user}","gists_url":"https://api.github.com/users/virtuoso-04/gists{/gist_id}","starred_url":"https://api.github.com/users/virtuoso-04/starred{/owner}{/repo}","subscriptions_url":"https://api.github.com/users/virtuoso-04/subscriptions","organizations_url":"https://api.github.com/users/virtuoso-04/orgs","repos_url":"https://api.github.com/users/virtuoso-04/repos","events_url":"https://api.github.com/users/virtuoso-04/events{/privacy}","received_events_url":"https://api.github.com/users/virtuoso-04/received_events","type":"User","site_admin":false,"name":"Anant Sharma","company":"Student","blog":"","location":"bengaluru","email":null,"hireable":null,"bio":"Let it Happen !","twitter_username":null,"public_repos":31,"public_gists":2,"followers":14,"following":24,"created_at":"2022-12-07T19:06:07Z","updated_at":"2024-06-05T20:19:30Z","private_gists":0,"total_private_repos":8,"owned_private_repos":8,"disk_usage":49763,"collaborators":0,"two_factor_authentication":false,"plan":{"name":"free","space":976562499,"collaborators":0,"private_repos":10000}}
[info] 
[info] +  Success! Logged into GitHub as virtuoso-04 
[info] 
[debug] [2024-07-12T23:15:16.961Z] >>> [apiv2][query] GET https://api.github.com/repos/virtouso-04/crossmind/actions/secrets/public-key type=owner
[debug] [2024-07-12T23:15:17.315Z] <<< [apiv2][status] GET https://api.github.com/repos/virtouso-04/crossmind/actions/secrets/public-key 404
[debug] [2024-07-12T23:15:17.315Z] <<< [apiv2][body] GET https://api.github.com/repos/virtouso-04/crossmind/actions/secrets/public-key {"message":"Not Found","documentation_url":"https://docs.github.com/rest/actions/secrets#get-a-repository-public-key","status":"404"}
[info] 
[info] 
[error] !  The provided authorization cannot be used with this repository. If this repository is in an organization, did you remember to grant access? 
[info] 
[info] i  Action required: Visit this URL to ensure access has been granted to the appropriate organization(s) for the Firebase CLI GitHub OAuth App: 
[info] https://github.com/settings/connections/applications/89cf50f02ac6aaed3484
[info] 
[debug] [2024-07-12T23:15:28.088Z] >>> [apiv2][query] GET https://api.github.com/repos/virtouso-04/new-folder-2/actions/secrets/public-key type=owner
[debug] [2024-07-12T23:15:28.444Z] <<< [apiv2][status] GET https://api.github.com/repos/virtouso-04/new-folder-2/actions/secrets/public-key 404
[debug] [2024-07-12T23:15:28.444Z] <<< [apiv2][body] GET https://api.github.com/repos/virtouso-04/new-folder-2/actions/secrets/public-key {"message":"Not Found","documentation_url":"https://docs.github.com/rest/actions/secrets#get-a-repository-public-key","status":"404"}
[info] 
[info] 
[error] !  The provided authorization cannot be used with this repository. If this repository is in an organization, did you remember to grant access? 
[info] 
[info] i  Action required: Visit this URL to ensure access has been granted to the appropriate organization(s) for the Firebase CLI GitHub OAuth App: 
[info] https://github.com/settings/connections/applications/89cf50f02ac6aaed3484
[info] 
[debug] [2024-07-12T23:15:50.815Z] >>> [apiv2][query] GET https://api.github.com/repos/virtouso-04/new-folder(2)/actions/secrets/public-key type=owner
[debug] [2024-07-12T23:15:51.177Z] <<< [apiv2][status] GET https://api.github.com/repos/virtouso-04/new-folder(2)/actions/secrets/public-key 404
[debug] [2024-07-12T23:15:51.177Z] <<< [apiv2][body] GET https://api.github.com/repos/virtouso-04/new-folder(2)/actions/secrets/public-key {"message":"Not Found","documentation_url":"https://docs.github.com/rest/actions/secrets#get-a-repository-public-key","status":"404"}
[info] 
[info] 
[error] !  The provided authorization cannot be used with this repository. If this repository is in an organization, did you remember to grant access? 
[info] 
[info] i  Action required: Visit this URL to ensure access has been granted to the appropriate organization(s) for the Firebase CLI GitHub OAuth App: 
[info] https://github.com/settings/connections/applications/89cf50f02ac6aaed3484
[info] 
[debug] [2024-07-12T23:16:31.141Z] >>> [apiv2][query] GET https://api.github.com/repos/virtouso-04/new-folder(2)/actions/secrets/public-key type=owner
[debug] [2024-07-12T23:16:31.500Z] <<< [apiv2][status] GET https://api.github.com/repos/virtouso-04/new-folder(2)/actions/secrets/public-key 404
[debug] [2024-07-12T23:16:31.500Z] <<< [apiv2][body] GET https://api.github.com/repos/virtouso-04/new-folder(2)/actions/secrets/public-key {"message":"Not Found","documentation_url":"https://docs.github.com/rest/actions/secrets#get-a-repository-public-key","status":"404"}
[info] 
[info] 
[error] !  The provided authorization cannot be used with this repository. If this repository is in an organization, did you remember to grant access? 
[info] 
[info] i  Action required: Visit this URL to ensure access has been granted to the appropriate organization(s) for the Firebase CLI GitHub OAuth App: 
[info] https://github.com/settings/connections/applications/89cf50f02ac6aaed3484
[info] 
[debug] [2024-07-12T23:16:41.558Z] >>> [apiv2][query] GET https://api.github.com/repos/virtouso-04/crossmind/actions/secrets/public-key type=owner
[debug] [2024-07-12T23:16:41.919Z] <<< [apiv2][status] GET https://api.github.com/repos/virtouso-04/crossmind/actions/secrets/public-key 404
[debug] [2024-07-12T23:16:41.919Z] <<< [apiv2][body] GET https://api.github.com/repos/virtouso-04/crossmind/actions/secrets/public-key {"message":"Not Found","documentation_url":"https://docs.github.com/rest/actions/secrets#get-a-repository-public-key","status":"404"}
[info] 
[info] 
[error] !  The provided authorization cannot be used with this repository. If this repository is in an organization, did you remember to grant access? 
[info] 
[info] i  Action required: Visit this URL to ensure access has been granted to the appropriate organization(s) for the Firebase CLI GitHub OAuth App: 
[info] https://github.com/settings/connections/applications/89cf50f02ac6aaed3484
[info] 
[debug] [2024-07-12T23:17:28.867Z] >>> [apiv2][query] GET https://api.github.com/repos/virtouso-04/crossmind/actions/secrets/public-key type=owner
[debug] [2024-07-12T23:17:29.191Z] <<< [apiv2][status] GET https://api.github.com/repos/virtouso-04/crossmind/actions/secrets/public-key 401
[debug] [2024-07-12T23:17:29.191Z] <<< [apiv2][body] GET https://api.github.com/repos/virtouso-04/crossmind/actions/secrets/public-key {"message":"Bad credentials","documentation_url":"https://docs.github.com/rest","status":"401"}
[debug] [2024-07-12T23:17:35.869Z] >>> [apiv2][query] GET https://api.github.com/repos/virtouso-04/crossmind/actions/secrets/public-key type=owner
[debug] [2024-07-12T23:17:36.227Z] <<< [apiv2][status] GET https://api.github.com/repos/virtouso-04/crossmind/actions/secrets/public-key 401
[debug] [2024-07-12T23:17:36.227Z] <<< [apiv2][body] GET https://api.github.com/repos/virtouso-04/crossmind/actions/secrets/public-key {"message":"Bad credentials","documentation_url":"https://docs.github.com/rest","status":"401"}
[debug] [2024-07-12T23:17:45.990Z] >>> [apiv2][query] GET https://api.github.com/repos/virtouso-04/crossmind/actions/secrets/public-key type=owner
[debug] [2024-07-12T23:17:46.316Z] <<< [apiv2][status] GET https://api.github.com/repos/virtouso-04/crossmind/actions/secrets/public-key 401
[debug] [2024-07-12T23:17:46.316Z] <<< [apiv2][body] GET https://api.github.com/repos/virtouso-04/crossmind/actions/secrets/public-key {"message":"Bad credentials","documentation_url":"https://docs.github.com/rest","status":"401"}
[debug] [2024-07-12T23:17:46.427Z] >>> [apiv2][query] GET https://api.github.com/repos/virtouso-04/crossmind/actions/secrets/public-key type=owner
[debug] [2024-07-12T23:17:46.677Z] <<< [apiv2][status] GET https://api.github.com/repos/virtouso-04/crossmind/actions/secrets/public-key 401
[debug] [2024-07-12T23:17:46.678Z] <<< [apiv2][body] GET https://api.github.com/repos/virtouso-04/crossmind/actions/secrets/public-key {"message":"Bad credentials","documentation_url":"https://docs.github.com/rest","status":"401"}
[debug] [2024-07-12T23:17:46.723Z] >>> [apiv2][query] GET https://api.github.com/repos/virtouso-04/crossmind/actions/secrets/public-key type=owner
[debug] [2024-07-12T23:17:46.968Z] <<< [apiv2][status] GET https://api.github.com/repos/virtouso-04/crossmind/actions/secrets/public-key 401
[debug] [2024-07-12T23:17:46.968Z] <<< [apiv2][body] GET https://api.github.com/repos/virtouso-04/crossmind/actions/secrets/public-key {"message":"Bad credentials","documentation_url":"https://docs.github.com/rest","status":"401"}
[debug] [2024-07-12T23:17:47.648Z] >>> [apiv2][query] GET https://api.github.com/repos/virtouso-04/crossmind/actions/secrets/public-key type=owner
[debug] [2024-07-12T23:17:47.905Z] <<< [apiv2][status] GET https://api.github.com/repos/virtouso-04/crossmind/actions/secrets/public-key 401
[debug] [2024-07-12T23:17:47.905Z] <<< [apiv2][body] GET https://api.github.com/repos/virtouso-04/crossmind/actions/secrets/public-key {"message":"Bad credentials","documentation_url":"https://docs.github.com/rest","status":"401"}
[debug] [2024-07-12T23:17:48.355Z] >>> [apiv2][query] GET https://api.github.com/repos/virtouso-04/crossmind/actions/secrets/public-key type=owner
[debug] [2024-07-12T23:17:48.618Z] <<< [apiv2][status] GET https://api.github.com/repos/virtouso-04/crossmind/actions/secrets/public-key 401
[debug] [2024-07-12T23:17:48.618Z] <<< [apiv2][body] GET https://api.github.com/repos/virtouso-04/crossmind/actions/secrets/public-key {"message":"Bad credentials","documentation_url":"https://docs.github.com/rest","status":"401"}
[debug] [2024-07-12T23:17:49.095Z] >>> [apiv2][query] GET https://api.github.com/repos/virtouso-04/crossmind/actions/secrets/public-key type=owner
[debug] [2024-07-12T23:17:49.362Z] <<< [apiv2][status] GET https://api.github.com/repos/virtouso-04/crossmind/actions/secrets/public-key 401
[debug] [2024-07-12T23:17:49.362Z] <<< [apiv2][body] GET https://api.github.com/repos/virtouso-04/crossmind/actions/secrets/public-key {"message":"Bad credentials","documentation_url":"https://docs.github.com/rest","status":"401"}
[debug] [2024-07-12T23:17:49.718Z] >>> [apiv2][query] GET https://api.github.com/repos/virtouso-04/crossmind/actions/secrets/public-key type=owner
[debug] [2024-07-12T23:17:49.861Z] >>> [apiv2][query] GET https://api.github.com/repos//actions/secrets/public-key type=owner
[debug] [2024-07-12T23:17:49.974Z] <<< [apiv2][status] GET https://api.github.com/repos/virtouso-04/crossmind/actions/secrets/public-key 401
[debug] [2024-07-12T23:17:49.974Z] <<< [apiv2][body] GET https://api.github.com/repos/virtouso-04/crossmind/actions/secrets/public-key {"message":"Bad credentials","documentation_url":"https://docs.github.com/rest","status":"401"}
[debug] [2024-07-12T23:17:50.195Z] <<< [apiv2][status] GET https://api.github.com/repos//actions/secrets/public-key 401
[debug] [2024-07-12T23:17:50.195Z] <<< [apiv2][body] GET https://api.github.com/repos//actions/secrets/public-key {"message":"Bad credentials","documentation_url":"https://docs.github.com/rest","status":"401"}
[debug] [2024-07-12T23:17:50.584Z] >>> [apiv2][query] GET https://api.github.com/repos/virtouso-04/crossmind/actions/secrets/public-key type=owner
[debug] [2024-07-12T23:17:50.847Z] <<< [apiv2][status] GET https://api.github.com/repos/virtouso-04/crossmind/actions/secrets/public-key 401
[debug] [2024-07-12T23:17:50.847Z] <<< [apiv2][body] GET https://api.github.com/repos/virtouso-04/crossmind/actions/secrets/public-key {"message":"Bad credentials","documentation_url":"https://docs.github.com/rest","status":"401"}
[debug] [2024-07-12T23:17:51.220Z] >>> [apiv2][query] GET https://api.github.com/repos/virtouso-04/crossmind/actions/secrets/public-key type=owner
[debug] [2024-07-12T23:17:51.251Z] >>> [apiv2][query] GET https://api.github.com/repos//actions/secrets/public-key type=owner
[debug] [2024-07-12T23:17:51.287Z] >>> [apiv2][query] GET https://api.github.com/repos//actions/secrets/public-key type=owner
[debug] [2024-07-12T23:17:51.488Z] <<< [apiv2][status] GET https://api.github.com/repos/virtouso-04/crossmind/actions/secrets/public-key 401
[debug] [2024-07-12T23:17:51.488Z] <<< [apiv2][body] GET https://api.github.com/repos/virtouso-04/crossmind/actions/secrets/public-key {"message":"Bad credentials","documentation_url":"https://docs.github.com/rest","status":"401"}
[debug] [2024-07-12T23:17:51.498Z] <<< [apiv2][status] GET https://api.github.com/repos//actions/secrets/public-key 401
[debug] [2024-07-12T23:17:51.498Z] <<< [apiv2][body] GET https://api.github.com/repos//actions/secrets/public-key {"message":"Bad credentials","documentation_url":"https://docs.github.com/rest","status":"401"}
[debug] [2024-07-12T23:17:51.601Z] <<< [apiv2][status] GET https://api.github.com/repos//actions/secrets/public-key 401
[debug] [2024-07-12T23:17:51.601Z] <<< [apiv2][body] GET https://api.github.com/repos//actions/secrets/public-key {"message":"Bad credentials","documentation_url":"https://docs.github.com/rest","status":"401"}
[debug] [2024-07-12T23:19:13.147Z] >>> [apiv2][query] GET https://api.github.com/repos/virtuoso-04/New-folder--2-/actions/secrets/public-key type=owner
[debug] [2024-07-12T23:19:13.471Z] <<< [apiv2][status] GET https://api.github.com/repos/virtuoso-04/New-folder--2-/actions/secrets/public-key 401
[debug] [2024-07-12T23:19:13.472Z] <<< [apiv2][body] GET https://api.github.com/repos/virtuoso-04/New-folder--2-/actions/secrets/public-key {"message":"Bad credentials","documentation_url":"https://docs.github.com/rest","status":"401"}
[debug] [2024-07-12T23:19:13.993Z] >>> [apiv2][query] GET https://api.github.com/repos/virtuoso-04/New-folder--2-/actions/secrets/public-key type=owner
[debug] [2024-07-12T23:19:14.241Z] <<< [apiv2][status] GET https://api.github.com/repos/virtuoso-04/New-folder--2-/actions/secrets/public-key 401
[debug] [2024-07-12T23:19:14.241Z] <<< [apiv2][body] GET https://api.github.com/repos/virtuoso-04/New-folder--2-/actions/secrets/public-key {"message":"Bad credentials","documentation_url":"https://docs.github.com/rest","status":"401"}
[debug] [2024-07-12T23:19:14.450Z] >>> [apiv2][query] GET https://api.github.com/repos/virtuoso-04/New-folder--2-/actions/secrets/public-key type=owner
[debug] [2024-07-12T23:19:14.717Z] <<< [apiv2][status] GET https://api.github.com/repos/virtuoso-04/New-folder--2-/actions/secrets/public-key 401
[debug] [2024-07-12T23:19:14.718Z] <<< [apiv2][body] GET https://api.github.com/repos/virtuoso-04/New-folder--2-/actions/secrets/public-key {"message":"Bad credentials","documentation_url":"https://docs.github.com/rest","status":"401"}
[debug] [2024-07-12T23:19:14.752Z] >>> [apiv2][query] GET https://api.github.com/repos/virtuoso-04/New-folder--2-/actions/secrets/public-key type=owner
[debug] [2024-07-12T23:19:15.020Z] <<< [apiv2][status] GET https://api.github.com/repos/virtuoso-04/New-folder--2-/actions/secrets/public-key 401
[debug] [2024-07-12T23:19:15.020Z] <<< [apiv2][body] GET https://api.github.com/repos/virtuoso-04/New-folder--2-/actions/secrets/public-key {"message":"Bad credentials","documentation_url":"https://docs.github.com/rest","status":"401"}
[debug] [2024-07-12T23:19:15.748Z] >>> [apiv2][query] GET https://api.github.com/repos/virtuoso-04/New-folder--2-/actions/secrets/public-key type=owner
[debug] [2024-07-12T23:19:16.006Z] <<< [apiv2][status] GET https://api.github.com/repos/virtuoso-04/New-folder--2-/actions/secrets/public-key 401
[debug] [2024-07-12T23:19:16.006Z] <<< [apiv2][body] GET https://api.github.com/repos/virtuoso-04/New-folder--2-/actions/secrets/public-key {"message":"Bad credentials","documentation_url":"https://docs.github.com/rest","status":"401"}
[debug] [2024-07-12T23:19:21.406Z] >>> [apiv2][query] GET https://api.github.com/repos/virtuoso-04/New-folder--2-/actions/secrets/public-key type=owner
[debug] [2024-07-12T23:19:21.758Z] <<< [apiv2][status] GET https://api.github.com/repos/virtuoso-04/New-folder--2-/actions/secrets/public-key 401
[debug] [2024-07-12T23:19:21.759Z] <<< [apiv2][body] GET https://api.github.com/repos/virtuoso-04/New-folder--2-/actions/secrets/public-key {"message":"Bad credentials","documentation_url":"https://docs.github.com/rest","status":"401"}
[debug] [2024-07-12T23:19:22.371Z] >>> [apiv2][query] GET https://api.github.com/repos/virtuoso-04/New-folder--2-/actions/secrets/public-key type=owner
[debug] [2024-07-12T23:19:22.634Z] <<< [apiv2][status] GET https://api.github.com/repos/virtuoso-04/New-folder--2-/actions/secrets/public-key 401
[debug] [2024-07-12T23:19:22.634Z] <<< [apiv2][body] GET https://api.github.com/repos/virtuoso-04/New-folder--2-/actions/secrets/public-key {"message":"Bad credentials","documentation_url":"https://docs.github.com/rest","status":"401"}
[debug] [2024-07-12T23:19:22.788Z] >>> [apiv2][query] GET https://api.github.com/repos/virtuoso-04/New-folder--2-/actions/secrets/public-key type=owner
[debug] [2024-07-12T23:19:23.043Z] <<< [apiv2][status] GET https://api.github.com/repos/virtuoso-04/New-folder--2-/actions/secrets/public-key 401
[debug] [2024-07-12T23:19:23.043Z] <<< [apiv2][body] GET https://api.github.com/repos/virtuoso-04/New-folder--2-/actions/secrets/public-key {"message":"Bad credentials","documentation_url":"https://docs.github.com/rest","status":"401"}
[debug] [2024-07-12T23:19:23.409Z] >>> [apiv2][query] GET https://api.github.com/repos/virtuoso-04/New-folder--2-/actions/secrets/public-key type=owner
[debug] [2024-07-12T23:19:23.447Z] >>> [apiv2][query] GET https://api.github.com/repos//actions/secrets/public-key type=owner
[debug] [2024-07-12T23:19:23.483Z] >>> [apiv2][query] GET https://api.github.com/repos//actions/secrets/public-key type=owner
[debug] [2024-07-12T23:19:23.522Z] >>> [apiv2][query] GET https://api.github.com/repos//actions/secrets/public-key type=owner
[debug] [2024-07-12T23:19:23.558Z] >>> [apiv2][query] GET https://api.github.com/repos//actions/secrets/public-key type=owner
[debug] [2024-07-12T23:19:23.595Z] >>> [apiv2][query] GET https://api.github.com/repos//actions/secrets/public-key type=owner
[debug] [2024-07-12T23:19:23.640Z] >>> [apiv2][query] GET https://api.github.com/repos//actions/secrets/public-key type=owner
[debug] [2024-07-12T23:19:23.671Z] <<< [apiv2][status] GET https://api.github.com/repos/virtuoso-04/New-folder--2-/actions/secrets/public-key 401
[debug] [2024-07-12T23:19:23.671Z] <<< [apiv2][body] GET https://api.github.com/repos/virtuoso-04/New-folder--2-/actions/secrets/public-key {"message":"Bad credentials","documentation_url":"https://docs.github.com/rest","status":"401"}
[debug] [2024-07-12T23:19:23.672Z] >>> [apiv2][query] GET https://api.github.com/repos/virtuoso-04/New-folder--2-/actions/secrets/public-key type=owner
[debug] [2024-07-12T23:19:23.710Z] >>> [apiv2][query] GET https://api.github.com/repos//actions/secrets/public-key type=owner
[debug] [2024-07-12T23:19:23.748Z] >>> [apiv2][query] GET https://api.github.com/repos//actions/secrets/public-key type=owner
[debug] [2024-07-12T23:19:23.769Z] <<< [apiv2][status] GET https://api.github.com/repos//actions/secrets/public-key 401
[debug] [2024-07-12T23:19:23.769Z] <<< [apiv2][body] GET https://api.github.com/repos//actions/secrets/public-key {"message":"Bad credentials","documentation_url":"https://docs.github.com/rest","status":"401"}
[debug] [2024-07-12T23:19:23.785Z] >>> [apiv2][query] GET https://api.github.com/repos//actions/secrets/public-key type=owner
[debug] [2024-07-12T23:19:23.806Z] <<< [apiv2][status] GET https://api.github.com/repos//actions/secrets/public-key 401
[debug] [2024-07-12T23:19:23.806Z] <<< [apiv2][body] GET https://api.github.com/repos//actions/secrets/public-key {"message":"Bad credentials","documentation_url":"https://docs.github.com/rest","status":"401"}
[debug] [2024-07-12T23:19:23.830Z] >>> [apiv2][query] GET https://api.github.com/repos//actions/secrets/public-key type=owner
[debug] [2024-07-12T23:19:23.863Z] <<< [apiv2][status] GET https://api.github.com/repos//actions/secrets/public-key 401
[debug] [2024-07-12T23:19:23.863Z] <<< [apiv2][body] GET https://api.github.com/repos//actions/secrets/public-key {"message":"Bad credentials","documentation_url":"https://docs.github.com/rest","status":"401"}
[debug] [2024-07-12T23:19:23.866Z] >>> [apiv2][query] GET https://api.github.com/repos//actions/secrets/public-key type=owner
[debug] [2024-07-12T23:19:23.891Z] <<< [apiv2][status] GET https://api.github.com/repos//actions/secrets/public-key 401
[debug] [2024-07-12T23:19:23.891Z] <<< [apiv2][body] GET https://api.github.com/repos//actions/secrets/public-key {"message":"Bad credentials","documentation_url":"https://docs.github.com/rest","status":"401"}
[debug] [2024-07-12T23:19:23.905Z] >>> [apiv2][query] GET https://api.github.com/repos//actions/secrets/public-key type=owner
[debug] [2024-07-12T23:19:23.925Z] <<< [apiv2][status] GET https://api.github.com/repos//actions/secrets/public-key 401
[debug] [2024-07-12T23:19:23.925Z] <<< [apiv2][body] GET https://api.github.com/repos//actions/secrets/public-key {"message":"Bad credentials","documentation_url":"https://docs.github.com/rest","status":"401"}
[debug] [2024-07-12T23:19:23.940Z] <<< [apiv2][status] GET https://api.github.com/repos/virtuoso-04/New-folder--2-/actions/secrets/public-key 401
[debug] [2024-07-12T23:19:23.940Z] <<< [apiv2][body] GET https://api.github.com/repos/virtuoso-04/New-folder--2-/actions/secrets/public-key {"message":"Bad credentials","documentation_url":"https://docs.github.com/rest","status":"401"}
[debug] [2024-07-12T23:19:23.942Z] >>> [apiv2][query] GET https://api.github.com/repos/virtuoso-04/New-folder--2-/actions/secrets/public-key type=owner
[debug] [2024-07-12T23:19:23.955Z] <<< [apiv2][status] GET https://api.github.com/repos//actions/secrets/public-key 401
[debug] [2024-07-12T23:19:23.955Z] <<< [apiv2][body] GET https://api.github.com/repos//actions/secrets/public-key {"message":"Bad credentials","documentation_url":"https://docs.github.com/rest","status":"401"}
[debug] [2024-07-12T23:19:23.980Z] >>> [apiv2][query] GET https://api.github.com/repos//actions/secrets/public-key type=owner
[debug] [2024-07-12T23:19:24.013Z] <<< [apiv2][status] GET https://api.github.com/repos//actions/secrets/public-key 401
[debug] [2024-07-12T23:19:24.013Z] <<< [apiv2][body] GET https://api.github.com/repos//actions/secrets/public-key {"message":"Bad credentials","documentation_url":"https://docs.github.com/rest","status":"401"}
[debug] [2024-07-12T23:19:24.018Z] >>> [apiv2][query] GET https://api.github.com/repos//actions/secrets/public-key type=owner
[debug] [2024-07-12T23:19:24.036Z] <<< [apiv2][status] GET https://api.github.com/repos//actions/secrets/public-key 401
[debug] [2024-07-12T23:19:24.036Z] <<< [apiv2][body] GET https://api.github.com/repos//actions/secrets/public-key {"message":"Bad credentials","documentation_url":"https://docs.github.com/rest","status":"401"}
[debug] [2024-07-12T23:19:24.055Z] >>> [apiv2][query] GET https://api.github.com/repos//actions/secrets/public-key type=owner
[debug] [2024-07-12T23:19:24.058Z] <<< [apiv2][status] GET https://api.github.com/repos//actions/secrets/public-key 401
[debug] [2024-07-12T23:19:24.058Z] <<< [apiv2][body] GET https://api.github.com/repos//actions/secrets/public-key {"message":"Bad credentials","documentation_url":"https://docs.github.com/rest","status":"401"}
[debug] [2024-07-12T23:19:24.091Z] >>> [apiv2][query] GET https://api.github.com/repos//actions/secrets/public-key type=owner
[debug] [2024-07-12T23:19:24.094Z] <<< [apiv2][status] GET https://api.github.com/repos//actions/secrets/public-key 401
[debug] [2024-07-12T23:19:24.095Z] <<< [apiv2][body] GET https://api.github.com/repos//actions/secrets/public-key {"message":"Bad credentials","documentation_url":"https://docs.github.com/rest","status":"401"}
[debug] [2024-07-12T23:19:24.115Z] <<< [apiv2][status] GET https://api.github.com/repos//actions/secrets/public-key 401
[debug] [2024-07-12T23:19:24.115Z] <<< [apiv2][body] GET https://api.github.com/repos//actions/secrets/public-key {"message":"Bad credentials","documentation_url":"https://docs.github.com/rest","status":"401"}
[debug] [2024-07-12T23:19:24.131Z] >>> [apiv2][query] GET https://api.github.com/repos//actions/secrets/public-key type=owner
[debug] [2024-07-12T23:19:24.154Z] <<< [apiv2][status] GET https://api.github.com/repos//actions/secrets/public-key 401
[debug] [2024-07-12T23:19:24.154Z] <<< [apiv2][body] GET https://api.github.com/repos//actions/secrets/public-key {"message":"Bad credentials","documentation_url":"https://docs.github.com/rest","status":"401"}
[debug] [2024-07-12T23:19:24.166Z] >>> [apiv2][query] GET https://api.github.com/repos//actions/secrets/public-key type=owner
[debug] [2024-07-12T23:19:24.199Z] <<< [apiv2][status] GET https://api.github.com/repos/virtuoso-04/New-folder--2-/actions/secrets/public-key 401
[debug] [2024-07-12T23:19:24.200Z] <<< [apiv2][body] GET https://api.github.com/repos/virtuoso-04/New-folder--2-/actions/secrets/public-key {"message":"Bad credentials","documentation_url":"https://docs.github.com/rest","status":"401"}
[debug] [2024-07-12T23:19:24.205Z] >>> [apiv2][query] GET https://api.github.com/repos/virtuoso-04/New-folder--2-/actions/secrets/public-key type=owner
[debug] [2024-07-12T23:19:24.239Z] <<< [apiv2][status] GET https://api.github.com/repos//actions/secrets/public-key 401
[debug] [2024-07-12T23:19:24.240Z] <<< [apiv2][body] GET https://api.github.com/repos//actions/secrets/public-key {"message":"Bad credentials","documentation_url":"https://docs.github.com/rest","status":"401"}
[debug] [2024-07-12T23:19:24.243Z] >>> [apiv2][query] GET https://api.github.com/repos//actions/secrets/public-key type=owner
[debug] [2024-07-12T23:19:24.263Z] <<< [apiv2][status] GET https://api.github.com/repos//actions/secrets/public-key 401
[debug] [2024-07-12T23:19:24.263Z] <<< [apiv2][body] GET https://api.github.com/repos//actions/secrets/public-key {"message":"Bad credentials","documentation_url":"https://docs.github.com/rest","status":"401"}
[debug] [2024-07-12T23:19:24.279Z] >>> [apiv2][query] GET https://api.github.com/repos//actions/secrets/public-key type=owner
[debug] [2024-07-12T23:19:24.313Z] <<< [apiv2][status] GET https://api.github.com/repos//actions/secrets/public-key 401
[debug] [2024-07-12T23:19:24.314Z] <<< [apiv2][body] GET https://api.github.com/repos//actions/secrets/public-key {"message":"Bad credentials","documentation_url":"https://docs.github.com/rest","status":"401"}
[debug] [2024-07-12T23:19:24.315Z] >>> [apiv2][query] GET https://api.github.com/repos//actions/secrets/public-key type=owner
[debug] [2024-07-12T23:19:24.345Z] <<< [apiv2][status] GET https://api.github.com/repos//actions/secrets/public-key 401
[debug] [2024-07-12T23:19:24.345Z] <<< [apiv2][body] GET https://api.github.com/repos//actions/secrets/public-key {"message":"Bad credentials","documentation_url":"https://docs.github.com/rest","status":"401"}
[debug] [2024-07-12T23:19:24.352Z] >>> [apiv2][query] GET https://api.github.com/repos//actions/secrets/public-key type=owner
[debug] [2024-07-12T23:19:24.388Z] <<< [apiv2][status] GET https://api.github.com/repos//actions/secrets/public-key 401
[debug] [2024-07-12T23:19:24.389Z] <<< [apiv2][body] GET https://api.github.com/repos//actions/secrets/public-key {"message":"Bad credentials","documentation_url":"https://docs.github.com/rest","status":"401"}
[debug] [2024-07-12T23:19:24.391Z] >>> [apiv2][query] GET https://api.github.com/repos//actions/secrets/public-key type=owner
[debug] [2024-07-12T23:19:24.418Z] <<< [apiv2][status] GET https://api.github.com/repos//actions/secrets/public-key 401
[debug] [2024-07-12T23:19:24.418Z] <<< [apiv2][body] GET https://api.github.com/repos//actions/secrets/public-key {"message":"Bad credentials","documentation_url":"https://docs.github.com/rest","status":"401"}
[debug] [2024-07-12T23:19:24.429Z] >>> [apiv2][query] GET https://api.github.com/repos//actions/secrets/public-key type=owner
[debug] [2024-07-12T23:19:24.472Z] <<< [apiv2][status] GET https://api.github.com/repos/virtuoso-04/New-folder--2-/actions/secrets/public-key 401
[debug] [2024-07-12T23:19:24.472Z] <<< [apiv2][body] GET https://api.github.com/repos/virtuoso-04/New-folder--2-/actions/secrets/public-key {"message":"Bad credentials","documentation_url":"https://docs.github.com/rest","status":"401"}
[debug] [2024-07-12T23:19:24.505Z] <<< [apiv2][status] GET https://api.github.com/repos//actions/secrets/public-key 401
[debug] [2024-07-12T23:19:24.506Z] <<< [apiv2][body] GET https://api.github.com/repos//actions/secrets/public-key {"message":"Bad credentials","documentation_url":"https://docs.github.com/rest","status":"401"}
[debug] [2024-07-12T23:19:24.527Z] <<< [apiv2][status] GET https://api.github.com/repos//actions/secrets/public-key 401
[debug] [2024-07-12T23:19:24.527Z] <<< [apiv2][body] GET https://api.github.com/repos//actions/secrets/public-key {"message":"Bad credentials","documentation_url":"https://docs.github.com/rest","status":"401"}
[debug] [2024-07-12T23:19:24.562Z] <<< [apiv2][status] GET https://api.github.com/repos//actions/secrets/public-key 401
[debug] [2024-07-12T23:19:24.562Z] <<< [apiv2][body] GET https://api.github.com/repos//actions/secrets/public-key {"message":"Bad credentials","documentation_url":"https://docs.github.com/rest","status":"401"}
[debug] [2024-07-12T23:19:24.606Z] <<< [apiv2][status] GET https://api.github.com/repos//actions/secrets/public-key 401
[debug] [2024-07-12T23:19:24.606Z] <<< [apiv2][body] GET https://api.github.com/repos//actions/secrets/public-key {"message":"Bad credentials","documentation_url":"https://docs.github.com/rest","status":"401"}
[debug] [2024-07-12T23:19:24.646Z] <<< [apiv2][status] GET https://api.github.com/repos//actions/secrets/public-key 401
[debug] [2024-07-12T23:19:24.646Z] <<< [apiv2][body] GET https://api.github.com/repos//actions/secrets/public-key {"message":"Bad credentials","documentation_url":"https://docs.github.com/rest","status":"401"}
[debug] [2024-07-12T23:19:24.681Z] <<< [apiv2][status] GET https://api.github.com/repos//actions/secrets/public-key 401
[debug] [2024-07-12T23:19:24.681Z] <<< [apiv2][body] GET https://api.github.com/repos//actions/secrets/public-key {"message":"Bad credentials","documentation_url":"https://docs.github.com/rest","status":"401"}
[debug] [2024-07-12T23:19:25.026Z] >>> [apiv2][query] GET https://api.github.com/repos/virtuoso-04/New-folder--2-/actions/secrets/public-key type=owner
[debug] [2024-07-12T23:19:25.288Z] <<< [apiv2][status] GET https://api.github.com/repos/virtuoso-04/New-folder--2-/actions/secrets/public-key 401
[debug] [2024-07-12T23:19:25.288Z] <<< [apiv2][body] GET https://api.github.com/repos/virtuoso-04/New-folder--2-/actions/secrets/public-key {"message":"Bad credentials","documentation_url":"https://docs.github.com/rest","status":"401"}
[debug] [2024-07-12T23:19:34.652Z] >>> [apiv2][query] GET https://api.github.com/repos/virtuoso-04/crossmind/actions/secrets/public-key type=owner
[debug] [2024-07-12T23:19:34.967Z] <<< [apiv2][status] GET https://api.github.com/repos/virtuoso-04/crossmind/actions/secrets/public-key 401
[debug] [2024-07-12T23:19:34.967Z] <<< [apiv2][body] GET https://api.github.com/repos/virtuoso-04/crossmind/actions/secrets/public-key {"message":"Bad credentials","documentation_url":"https://docs.github.com/rest","status":"401"}
[debug] [2024-07-12T23:19:35.560Z] >>> [apiv2][query] GET https://api.github.com/repos/virtuoso-04/crossmind/actions/secrets/public-key type=owner
[debug] [2024-07-12T23:19:35.817Z] >>> [apiv2][query] GET https://api.github.com/repos//actions/secrets/public-key type=owner
[debug] [2024-07-12T23:19:35.821Z] <<< [apiv2][status] GET https://api.github.com/repos/virtuoso-04/crossmind/actions/secrets/public-key 401
[debug] [2024-07-12T23:19:35.821Z] <<< [apiv2][body] GET https://api.github.com/repos/virtuoso-04/crossmind/actions/secrets/public-key {"message":"Bad credentials","documentation_url":"https://docs.github.com/rest","status":"401"}
[debug] [2024-07-12T23:19:36.051Z] >>> [apiv2][query] GET https://api.github.com/repos/virtuoso-04/crossmind/actions/secrets/public-key type=owner
[debug] [2024-07-12T23:19:36.134Z] <<< [apiv2][status] GET https://api.github.com/repos//actions/secrets/public-key 401
[debug] [2024-07-12T23:19:36.134Z] <<< [apiv2][body] GET https://api.github.com/repos//actions/secrets/public-key {"message":"Bad credentials","documentation_url":"https://docs.github.com/rest","status":"401"}
[debug] [2024-07-12T23:19:36.319Z] <<< [apiv2][status] GET https://api.github.com/repos/virtuoso-04/crossmind/actions/secrets/public-key 401
[debug] [2024-07-12T23:19:36.319Z] <<< [apiv2][body] GET https://api.github.com/repos/virtuoso-04/crossmind/actions/secrets/public-key {"message":"Bad credentials","documentation_url":"https://docs.github.com/rest","status":"401"}
